<?xml version="1.0" encoding="UTF-8"?>
<testng-results ignored="0" total="1" passed="1" failed="0" skipped="0">
  <reporter-output>
  </reporter-output>
  <suite started-at="2022-11-21T21:13:25 CST" name="Surefire suite" finished-at="2022-11-21T21:13:32 CST" duration-ms="7081">
    <groups>
      <group name="cucumber">
        <method signature="AbstractTestNGCucumberTests.feature(cucumber.api.testng.CucumberFeatureWrapper)[pri:0, instance:com.demoBlazeTest.TestRunner.TestRunner_Class@515c6049]" name="feature" class="cucumber.api.testng.AbstractTestNGCucumberTests"/>
      </group> <!-- cucumber -->
    </groups>
    <test started-at="2022-11-21T21:13:25 CST" name="Surefire test" finished-at="2022-11-21T21:13:32 CST" duration-ms="7081">
      <class name="com.demoBlazeTest.TestRunner.TestRunner_Class">
        <test-method is-config="true" signature="startURL()[pri:0, instance:com.demoBlazeTest.TestRunner.TestRunner_Class@515c6049]" started-at="2022-11-21T21:13:25 CST" name="startURL" finished-at="2022-11-21T21:13:27 CST" duration-ms="1362" status="PASS">
          <reporter-output>
          </reporter-output>
        </test-method> <!-- startURL -->
        <test-method is-config="true" signature="setUpClass()[pri:0, instance:com.demoBlazeTest.TestRunner.TestRunner_Class@515c6049]" started-at="2022-11-21T21:13:27 CST" name="setUpClass" finished-at="2022-11-21T21:13:27 CST" duration-ms="329" status="PASS">
          <reporter-output>
          </reporter-output>
        </test-method> <!-- setUpClass -->
        <test-method signature="feature(cucumber.api.testng.CucumberFeatureWrapper)[pri:0, instance:com.demoBlazeTest.TestRunner.TestRunner_Class@515c6049]" started-at="2022-11-21T21:13:27 CST" name="feature" description="Runs Cucumber Feature" data-provider="features" finished-at="2022-11-21T21:13:32 CST" duration-ms="5069" status="PASS">
          <params>
            <param index="0">
              <value>
                <![CDATA[This feature is to verify all the Cart Page functionality]]>
              </value>
            </param>
          </params>
          <reporter-output>
          </reporter-output>
        </test-method> <!-- feature -->
        <test-method is-config="true" signature="tearDownClass()[pri:0, instance:com.demoBlazeTest.TestRunner.TestRunner_Class@515c6049]" started-at="2022-11-21T21:13:32 CST" name="tearDownClass" finished-at="2022-11-21T21:13:32 CST" duration-ms="8" status="PASS">
          <reporter-output>
          </reporter-output>
        </test-method> <!-- tearDownClass -->
        <test-method is-config="true" signature="closeURL()[pri:0, instance:com.demoBlazeTest.TestRunner.TestRunner_Class@515c6049]" started-at="2022-11-21T21:13:32 CST" name="closeURL" finished-at="2022-11-21T21:13:32 CST" duration-ms="164" status="PASS">
          <reporter-output>
          </reporter-output>
        </test-method> <!-- closeURL -->
      </class> <!-- com.demoBlazeTest.TestRunner.TestRunner_Class -->
    </test> <!-- Surefire test -->
  </suite> <!-- Surefire suite -->
</testng-results>
