<?xml version="1.0" encoding="UTF-8"?>
<testng-results ignored="0" total="1" passed="1" failed="0" skipped="0">
  <reporter-output>
  </reporter-output>
  <suite started-at="2023-08-17T21:28:53 CDT" name="Default suite" finished-at="2023-08-17T21:29:15 CDT" duration-ms="22146">
    <groups>
      <group name="cucumber">
        <method signature="AbstractTestNGCucumberTests.feature(cucumber.api.testng.CucumberFeatureWrapper)[pri:0, instance:com.demoBlazeTest.TestRunner.TestRunner_Class@4b741d6d]" name="feature" class="cucumber.api.testng.AbstractTestNGCucumberTests"/>
      </group> <!-- cucumber -->
    </groups>
    <test started-at="2023-08-17T21:28:53 CDT" name="Default test" finished-at="2023-08-17T21:29:15 CDT" duration-ms="22146">
      <class name="com.demoBlazeTest.TestRunner.TestRunner_Class">
        <test-method is-config="true" signature="startURL()[pri:0, instance:com.demoBlazeTest.TestRunner.TestRunner_Class@4b741d6d]" started-at="2023-08-17T21:28:53 CDT" name="startURL" finished-at="2023-08-17T21:28:55 CDT" duration-ms="1815" status="PASS">
          <reporter-output>
          </reporter-output>
        </test-method> <!-- startURL -->
        <test-method is-config="true" signature="setUpClass()[pri:0, instance:com.demoBlazeTest.TestRunner.TestRunner_Class@4b741d6d]" started-at="2023-08-17T21:28:55 CDT" name="setUpClass" finished-at="2023-08-17T21:28:55 CDT" duration-ms="294" status="PASS">
          <reporter-output>
          </reporter-output>
        </test-method> <!-- setUpClass -->
        <test-method signature="feature(cucumber.api.testng.CucumberFeatureWrapper)[pri:0, instance:com.demoBlazeTest.TestRunner.TestRunner_Class@4b741d6d]" started-at="2023-08-17T21:28:56 CDT" name="feature" description="Runs Cucumber Feature" data-provider="features" finished-at="2023-08-17T21:29:15 CDT" duration-ms="19524" status="PASS">
          <params>
            <param index="0">
              <value>
                <![CDATA[This feature is to verify all the login functionality]]>
              </value>
            </param>
          </params>
          <reporter-output>
          </reporter-output>
        </test-method> <!-- feature -->
        <test-method is-config="true" signature="tearDownClass()[pri:0, instance:com.demoBlazeTest.TestRunner.TestRunner_Class@4b741d6d]" started-at="2023-08-17T21:29:15 CDT" name="tearDownClass" finished-at="2023-08-17T21:29:15 CDT" duration-ms="12" status="PASS">
          <reporter-output>
          </reporter-output>
        </test-method> <!-- tearDownClass -->
        <test-method is-config="true" signature="closeURL()[pri:0, instance:com.demoBlazeTest.TestRunner.TestRunner_Class@4b741d6d]" started-at="2023-08-17T21:29:15 CDT" name="closeURL" finished-at="2023-08-17T21:29:15 CDT" duration-ms="311" status="PASS">
          <reporter-output>
          </reporter-output>
        </test-method> <!-- closeURL -->
      </class> <!-- com.demoBlazeTest.TestRunner.TestRunner_Class -->
    </test> <!-- Default test -->
  </suite> <!-- Default suite -->
</testng-results>
