<?xml version="1.0" encoding="UTF-8"?>
<testng-results ignored="0" total="1" passed="1" failed="0" skipped="0">
  <reporter-output>
  </reporter-output>
  <suite started-at="2024-03-10T18:23:41 CDT" name="Default suite" finished-at="2024-03-10T18:24:03 CDT" duration-ms="21576">
    <groups>
      <group name="cucumber">
        <method signature="AbstractTestNGCucumberTests.feature(cucumber.api.testng.CucumberFeatureWrapper)[pri:0, instance:com.demoBlazeTest.TestRunner.TestRunner_Class@2cf3d63b]" name="feature" class="cucumber.api.testng.AbstractTestNGCucumberTests"/>
      </group> <!-- cucumber -->
    </groups>
    <test started-at="2024-03-10T18:23:41 CDT" name="Default test" finished-at="2024-03-10T18:24:03 CDT" duration-ms="21576">
      <class name="com.demoBlazeTest.TestRunner.TestRunner_Class">
        <test-method is-config="true" signature="startURL()[pri:0, instance:com.demoBlazeTest.TestRunner.TestRunner_Class@2cf3d63b]" started-at="2024-03-10T18:23:41 CDT" name="startURL" finished-at="2024-03-10T18:23:43 CDT" duration-ms="1786" status="PASS">
          <reporter-output>
          </reporter-output>
        </test-method> <!-- startURL -->
        <test-method is-config="true" signature="setUpClass()[pri:0, instance:com.demoBlazeTest.TestRunner.TestRunner_Class@2cf3d63b]" started-at="2024-03-10T18:23:43 CDT" name="setUpClass" finished-at="2024-03-10T18:23:43 CDT" duration-ms="225" status="PASS">
          <reporter-output>
          </reporter-output>
        </test-method> <!-- setUpClass -->
        <test-method signature="feature(cucumber.api.testng.CucumberFeatureWrapper)[pri:0, instance:com.demoBlazeTest.TestRunner.TestRunner_Class@2cf3d63b]" started-at="2024-03-10T18:23:43 CDT" name="feature" description="Runs Cucumber Feature" data-provider="features" finished-at="2024-03-10T18:24:03 CDT" duration-ms="19166" status="PASS">
          <params>
            <param index="0">
              <value>
                <![CDATA[This feature is to verify all the login functionality]]>
              </value>
            </param>
          </params>
          <reporter-output>
          </reporter-output>
        </test-method> <!-- feature -->
        <test-method is-config="true" signature="tearDownClass()[pri:0, instance:com.demoBlazeTest.TestRunner.TestRunner_Class@2cf3d63b]" started-at="2024-03-10T18:24:03 CDT" name="tearDownClass" finished-at="2024-03-10T18:24:03 CDT" duration-ms="10" status="PASS">
          <reporter-output>
          </reporter-output>
        </test-method> <!-- tearDownClass -->
        <test-method is-config="true" signature="closeURL()[pri:0, instance:com.demoBlazeTest.TestRunner.TestRunner_Class@2cf3d63b]" started-at="2024-03-10T18:24:03 CDT" name="closeURL" finished-at="2024-03-10T18:24:03 CDT" duration-ms="233" status="PASS">
          <reporter-output>
          </reporter-output>
        </test-method> <!-- closeURL -->
      </class> <!-- com.demoBlazeTest.TestRunner.TestRunner_Class -->
    </test> <!-- Default test -->
  </suite> <!-- Default suite -->
</testng-results>
